#
# A fatal error has been detected by the Java Runtime Environment:
#
#  Internal Error (macroAssembler_x86.cpp:864), pid=8172, tid=10608
#  fatal error: DEBUG MESSAGE: illegal bytecode sequence - method not verified
#
# JRE version: OpenJDK Runtime Environment Temurin-17.0.1+12 (17.0.1+12) (build 17.0.1+12)
# Java VM: OpenJDK 64-Bit Server VM Temurin-17.0.1+12 (17.0.1+12, mixed mode, emulated-client, tiered, compressed oops, compressed class ptrs, g1 gc, windows-amd64)
# No core dump will be written. Minidumps are not enabled by default on client versions of Windows
#
# If you would like to submit a bug report, please visit:
#   https://github.com/adoptium/adoptium-support/issues
#

---------------  S U M M A R Y ------------

Command Line: -Dcom.sun.management.jmxremote -Dcom.sun.management.jmxremote.port=13910 -Dcom.sun.management.jmxremote.authenticate=false -Dcom.sun.management.jmxremote.ssl=false -Djava.rmi.server.hostname=localhost -Dspring.jmx.enabled=true -Dspring.liveBeansView.mbeanDomain -Dspring.application.admin.enabled=true -XX:TieredStopAtLevel=1 -Dspring.boot.project.name=inventory-management-system -Dfile.encoding=UTF-8 -XX:+ShowCodeDetailsInExceptionMessages com.wipro.velocity.ims.InventoryManagementSystemApplication

Host: Intel(R) Pentium(R) CPU  N3710  @ 1.60GHz, 4 cores, 3G,  Windows 10 , 64 bit Build 19041 (10.0.19041.1682)
Time: Wed May  4 11:14:22 2022 India Standard Time elapsed time: 3186.502404 seconds (0d 0h 53m 6s)

---------------  T H R E A D  ---------------

Current thread (0x000002a812992a40):  JavaThread "restartedMain" [_thread_in_Java, id=10608, stack(0x000000c530d00000,0x000000c530e00000)]

Stack: [0x000000c530d00000,0x000000c530e00000]
Native frames: (J=compiled Java code, j=interpreted, Vv=VM code, C=native code)
V  [jvm.dll+0x6744da]
V  [jvm.dll+0x82e144]
V  [jvm.dll+0x82f8ee]
V  [jvm.dll+0x244e9f]
V  [jvm.dll+0x5a8e4e]
C  0x000002a805909057


---------------  P R O C E S S  ---------------

Threads class SMR info:
_java_thread_list=0x000002a810ebffc0, length=31, elements={
0x000002a80d0384b0, 0x000002a80d039dc0, 0x000002a80232e750, 0x000002a80d09b400,
0x000002a80d09bcc0, 0x000002a80d09c580, 0x000002a80d09ce40, 0x000002a80d0d7bd0,
0x000002a80d00c360, 0x000002a80dd76b20, 0x000002a80e300b00, 0x000002a80e308e00,
0x000002a80e425410, 0x000002a80dd92f40, 0x000002a80e43a900, 0x000002a80e6fb830,
0x000002a80e6fd040, 0x000002a81298f080, 0x000002a81298ced0, 0x000002a81298d870,
0x000002a81298dd40, 0x000002a81298d3a0, 0x000002a8129903c0, 0x000002a81298e210,
0x000002a812992a40, 0x000002a81298e6e0, 0x000002a812991700, 0x000002a81298ebb0,
0x000002a81298f550, 0x000002a80e177840, 0x000002a812991230
}

Java Threads: ( => current thread )
  0x000002a80d0384b0 JavaThread "Reference Handler" daemon [_thread_blocked, id=11416, stack(0x000000c52f500000,0x000000c52f600000)]
  0x000002a80d039dc0 JavaThread "Finalizer" daemon [_thread_blocked, id=11764, stack(0x000000c52f600000,0x000000c52f700000)]
  0x000002a80232e750 JavaThread "Signal Dispatcher" daemon [_thread_blocked, id=6708, stack(0x000000c52f700000,0x000000c52f800000)]
  0x000002a80d09b400 JavaThread "Attach Listener" daemon [_thread_blocked, id=3656, stack(0x000000c52f800000,0x000000c52f900000)]
  0x000002a80d09bcc0 JavaThread "Service Thread" daemon [_thread_blocked, id=9080, stack(0x000000c52f900000,0x000000c52fa00000)]
  0x000002a80d09c580 JavaThread "Monitor Deflation Thread" daemon [_thread_blocked, id=260, stack(0x000000c52fa00000,0x000000c52fb00000)]
  0x000002a80d09ce40 JavaThread "C1 CompilerThread0" daemon [_thread_blocked, id=9476, stack(0x000000c52fb00000,0x000000c52fc00000)]
  0x000002a80d0d7bd0 JavaThread "Sweeper thread" daemon [_thread_blocked, id=8732, stack(0x000000c52fc00000,0x000000c52fd00000)]
  0x000002a80d00c360 JavaThread "Common-Cleaner" daemon [_thread_blocked, id=1608, stack(0x000000c52fd00000,0x000000c52fe00000)]
  0x000002a80dd76b20 JavaThread "Notification Thread" daemon [_thread_blocked, id=8720, stack(0x000000c52ff00000,0x000000c530000000)]
  0x000002a80e300b00 JavaThread "RMI TCP Accept-0" daemon [_thread_in_native, id=2060, stack(0x000000c530000000,0x000000c530100000)]
  0x000002a80e308e00 JavaThread "RMI TCP Accept-13910" daemon [_thread_in_native, id=11212, stack(0x000000c530100000,0x000000c530200000)]
  0x000002a80e425410 JavaThread "RMI TCP Accept-0" daemon [_thread_in_native, id=520, stack(0x000000c530300000,0x000000c530400000)]
  0x000002a80dd92f40 JavaThread "RMI Scheduler(0)" daemon [_thread_blocked, id=8340, stack(0x000000c530a00000,0x000000c530b00000)]
  0x000002a80e43a900 JavaThread "JMX server connection timeout 21" daemon [_thread_blocked, id=2696, stack(0x000000c530c00000,0x000000c530d00000)]
  0x000002a80e6fb830 JavaThread "mysql-cj-abandoned-connection-cleanup" daemon [_thread_blocked, id=616, stack(0x000000c531500000,0x000000c531600000)]
  0x000002a80e6fd040 JavaThread "Live Reload Server" daemon [_thread_in_native, id=7632, stack(0x000000c531600000,0x000000c531700000)]
  0x000002a81298f080 JavaThread "DestroyJavaVM" [_thread_blocked, id=11688, stack(0x000000c52ee00000,0x000000c52ef00000)]
  0x000002a81298ced0 JavaThread "RMI TCP Connection(idle)" daemon [_thread_blocked, id=12228, stack(0x000000c532600000,0x000000c532700000)]
  0x000002a81298d870 JavaThread "File Watcher" daemon [_thread_blocked, id=11940, stack(0x000000c52fe00000,0x000000c52ff00000)]
  0x000002a81298dd40 JavaThread "File Watcher" daemon [_thread_blocked, id=2644, stack(0x000000c530b00000,0x000000c530c00000)]
  0x000002a81298d3a0 JavaThread "File Watcher" daemon [_thread_blocked, id=6312, stack(0x000000c530200000,0x000000c530300000)]
  0x000002a8129903c0 JavaThread "Thread-19" [_thread_blocked, id=9108, stack(0x000000c52ec00000,0x000000c52ed00000)]
  0x000002a81298e210 JavaThread "File Watcher" daemon [_thread_blocked, id=5164, stack(0x000000c52ed00000,0x000000c52ee00000)]
=>0x000002a812992a40 JavaThread "restartedMain" [_thread_in_Java, id=10608, stack(0x000000c530d00000,0x000000c530e00000)]
  0x000002a81298e6e0 JavaThread "Catalina-utility-1" [_thread_blocked, id=9988, stack(0x000000c530e00000,0x000000c530f00000)]
  0x000002a812991700 JavaThread "Catalina-utility-2" [_thread_blocked, id=6844, stack(0x000000c530f00000,0x000000c531000000)]
  0x000002a81298ebb0 JavaThread "container-4" [_thread_blocked, id=5556, stack(0x000000c531000000,0x000000c531100000)]
  0x000002a81298f550 JavaThread "HikariPool-10 housekeeper" daemon [_thread_blocked, id=11280, stack(0x000000c531200000,0x000000c531300000)]
  0x000002a80e177840 JavaThread "C1 CompilerThread1" daemon [_thread_blocked, id=10412, stack(0x000000c531300000,0x000000c531400000)]
  0x000002a812991230 JavaThread "HikariPool-10 connection adder" daemon [_thread_blocked, id=12108, stack(0x000000c531700000,0x000000c531800000)]

Other Threads:
  0x000002a80230d150 VMThread "VM Thread" [stack: 0x000000c52f400000,0x000000c52f500000] [id=9880]
  0x000002a80e307a00 WatcherThread [stack: 0x000000c530400000,0x000000c530500000] [id=11836]
  0x000002a802284a70 GCTaskThread "GC Thread#0" [stack: 0x000000c52ef00000,0x000000c52f000000] [id=7976]
  0x000002a80e450290 GCTaskThread "GC Thread#1" [stack: 0x000000c530500000,0x000000c530600000] [id=1744]
  0x000002a80e461770 GCTaskThread "GC Thread#2" [stack: 0x000000c530600000,0x000000c530700000] [id=4488]
  0x000002a80e461a20 GCTaskThread "GC Thread#3" [stack: 0x000000c530700000,0x000000c530800000] [id=5996]
  0x000002a80228d4f0 ConcurrentGCThread "G1 Main Marker" [stack: 0x000000c52f000000,0x000000c52f100000] [id=11636]
  0x000002a80228e7e0 ConcurrentGCThread "G1 Conc#0" [stack: 0x000000c52f100000,0x000000c52f200000] [id=11888]
  0x000002a8022cb1b0 ConcurrentGCThread "G1 Refine#0" [stack: 0x000000c52f200000,0x000000c52f300000] [id=6332]
  0x000002a80e461cd0 ConcurrentGCThread "G1 Refine#1" [stack: 0x000000c530800000,0x000000c530900000] [id=10432]
  0x000002a80e4613b0 ConcurrentGCThread "G1 Refine#2" [stack: 0x000000c530900000,0x000000c530a00000] [id=11800]
  0x000002a8022cbbd0 ConcurrentGCThread "G1 Service" [stack: 0x000000c52f300000,0x000000c52f400000] [id=7036]

Threads with active compile tasks:

VM state: not at safepoint (normal execution)

VM Mutex/Monitor currently owned by a thread: None

Heap address: 0x00000000c2600000, size: 986 MB, Compressed Oops mode: 32-bit

CDS archive(s) not mapped
Compressed class space mapped at: 0x0000000100000000-0x0000000140000000, reserved size: 1073741824
Narrow klass base: 0x0000000000000000, Narrow klass shift: 3, Narrow klass range: 0x140000000

GC Precious Log:
 CPUs: 4 total, 4 available
 Memory: 3938M
 Large Page Support: Disabled
 NUMA Support: Disabled
 Compressed Oops: Enabled (32-bit)
 Heap Region Size: 1M
 Heap Min Capacity: 8M
 Heap Initial Capacity: 62M
 Heap Max Capacity: 986M
 Pre-touch: Disabled
 Parallel Workers: 4
 Concurrent Workers: 1
 Concurrent Refinement Workers: 4
 Periodic GC: Disabled

Heap:
 garbage-first heap   total 78848K, used 55000K [0x00000000c2600000, 0x0000000100000000)
  region size 1024K, 34 young (34816K), 2 survivors (2048K)
 Metaspace       used 70071K, committed 70784K, reserved 1114112K
  class space    used 9161K, committed 9472K, reserved 1048576K

Heap Regions: E=young(eden), S=young(survivor), O=old, HS=humongous(starts), HC=humongous(continues), CS=collection set, F=free, OA=open archive, CA=closed archive, TAMS=top-at-mark-start (previous, next)
|   0|0x00000000c2600000, 0x00000000c2700000, 0x00000000c2700000|100%|HS|  |TAMS 0x00000000c2700000, 0x00000000c2600000| Untracked 
|   1|0x00000000c2700000, 0x00000000c27fffe0, 0x00000000c2800000| 99%| O|  |TAMS 0x00000000c27fffe0, 0x00000000c2700000| Untracked 
|   2|0x00000000c2800000, 0x00000000c28ffff8, 0x00000000c2900000| 99%| O|  |TAMS 0x00000000c28ffff8, 0x00000000c2800000| Untracked 
|   3|0x00000000c2900000, 0x00000000c29fffe8, 0x00000000c2a00000| 99%| O|  |TAMS 0x00000000c29fffe8, 0x00000000c2900000| Untracked 
|   4|0x00000000c2a00000, 0x00000000c2affff8, 0x00000000c2b00000| 99%| O|  |TAMS 0x00000000c2affff8, 0x00000000c2a00000| Untracked 
|   5|0x00000000c2b00000, 0x00000000c2c00000, 0x00000000c2c00000|100%| O|  |TAMS 0x00000000c2c00000, 0x00000000c2b00000| Untracked 
|   6|0x00000000c2c00000, 0x00000000c2d00000, 0x00000000c2d00000|100%| O|  |TAMS 0x00000000c2d00000, 0x00000000c2c00000| Untracked 
|   7|0x00000000c2d00000, 0x00000000c2dfffd0, 0x00000000c2e00000| 99%| O|  |TAMS 0x00000000c2dfffd0, 0x00000000c2d00000| Untracked 
|   8|0x00000000c2e00000, 0x00000000c2efffe8, 0x00000000c2f00000| 99%| O|  |TAMS 0x00000000c2efffe8, 0x00000000c2e00000| Untracked 
|   9|0x00000000c2f00000, 0x00000000c2ffffc0, 0x00000000c3000000| 99%| O|  |TAMS 0x00000000c2ffffc0, 0x00000000c2f00000| Untracked 
|  10|0x00000000c3000000, 0x00000000c30fffb0, 0x00000000c3100000| 99%| O|  |TAMS 0x00000000c30fffb0, 0x00000000c3000000| Untracked 
|  11|0x00000000c3100000, 0x00000000c31fffe8, 0x00000000c3200000| 99%| O|  |TAMS 0x00000000c31fffe8, 0x00000000c3100000| Untracked 
|  12|0x00000000c3200000, 0x00000000c32ffff8, 0x00000000c3300000| 99%| O|  |TAMS 0x00000000c32ffff8, 0x00000000c3200000| Untracked 
|  13|0x00000000c3300000, 0x00000000c33ffff8, 0x00000000c3400000| 99%| O|  |TAMS 0x00000000c33ffff8, 0x00000000c3300000| Untracked 
|  14|0x00000000c3400000, 0x00000000c34ffff0, 0x00000000c3500000| 99%| O|  |TAMS 0x00000000c34ffff0, 0x00000000c3400000| Untracked 
|  15|0x00000000c3500000, 0x00000000c35ffff0, 0x00000000c3600000| 99%| O|  |TAMS 0x00000000c3500000, 0x00000000c3500000| Untracked 
|  16|0x00000000c3600000, 0x00000000c36fbf30, 0x00000000c3700000| 98%| O|  |TAMS 0x00000000c3600000, 0x00000000c3600000| Untracked 
|  17|0x00000000c3700000, 0x00000000c37ffff8, 0x00000000c3800000| 99%| O|  |TAMS 0x00000000c3700000, 0x00000000c3700000| Untracked 
|  18|0x00000000c3800000, 0x00000000c38fffe8, 0x00000000c3900000| 99%| O|  |TAMS 0x00000000c3800000, 0x00000000c3800000| Untracked 
|  19|0x00000000c3900000, 0x00000000c39ffff0, 0x00000000c3a00000| 99%| O|  |TAMS 0x00000000c3900000, 0x00000000c3900000| Untracked 
|  20|0x00000000c3a00000, 0x00000000c3a06060, 0x00000000c3b00000|  2%| O|  |TAMS 0x00000000c3a00000, 0x00000000c3a00000| Untracked 
|  21|0x00000000c3b00000, 0x00000000c3b00000, 0x00000000c3c00000|  0%| F|  |TAMS 0x00000000c3b00000, 0x00000000c3b00000| Untracked 
|  22|0x00000000c3c00000, 0x00000000c3c7e668, 0x00000000c3d00000| 49%| O|  |TAMS 0x00000000c3c00000, 0x00000000c3c00000| Untracked 
|  23|0x00000000c3d00000, 0x00000000c3d00000, 0x00000000c3e00000|  0%| F|  |TAMS 0x00000000c3d00000, 0x00000000c3d00000| Untracked 
|  24|0x00000000c3e00000, 0x00000000c3e00000, 0x00000000c3f00000|  0%| F|  |TAMS 0x00000000c3e00000, 0x00000000c3e00000| Untracked 
|  25|0x00000000c3f00000, 0x00000000c3f00000, 0x00000000c4000000|  0%| F|  |TAMS 0x00000000c3f00000, 0x00000000c3f00000| Untracked 
|  26|0x00000000c4000000, 0x00000000c4000000, 0x00000000c4100000|  0%| F|  |TAMS 0x00000000c4000000, 0x00000000c4000000| Untracked 
|  27|0x00000000c4100000, 0x00000000c4100000, 0x00000000c4200000|  0%| F|  |TAMS 0x00000000c4100000, 0x00000000c4100000| Untracked 
|  28|0x00000000c4200000, 0x00000000c4200000, 0x00000000c4300000|  0%| F|  |TAMS 0x00000000c4200000, 0x00000000c4200000| Untracked 
|  29|0x00000000c4300000, 0x00000000c4300000, 0x00000000c4400000|  0%| F|  |TAMS 0x00000000c4300000, 0x00000000c4300000| Untracked 
|  30|0x00000000c4400000, 0x00000000c4400000, 0x00000000c4500000|  0%| F|  |TAMS 0x00000000c4400000, 0x00000000c4400000| Untracked 
|  31|0x00000000c4500000, 0x00000000c4500000, 0x00000000c4600000|  0%| F|  |TAMS 0x00000000c4500000, 0x00000000c4500000| Untracked 
|  32|0x00000000c4600000, 0x00000000c469a570, 0x00000000c4700000| 60%| O|  |TAMS 0x00000000c4600000, 0x00000000c4600000| Untracked 
|  33|0x00000000c4700000, 0x00000000c4700000, 0x00000000c4800000|  0%| F|  |TAMS 0x00000000c4700000, 0x00000000c4700000| Untracked 
|  34|0x00000000c4800000, 0x00000000c4800000, 0x00000000c4900000|  0%| F|  |TAMS 0x00000000c4800000, 0x00000000c4800000| Untracked 
|  35|0x00000000c4900000, 0x00000000c4900000, 0x00000000c4a00000|  0%| F|  |TAMS 0x00000000c4900000, 0x00000000c4900000| Untracked 
|  36|0x00000000c4a00000, 0x00000000c4a00000, 0x00000000c4b00000|  0%| F|  |TAMS 0x00000000c4a00000, 0x00000000c4a00000| Untracked 
|  37|0x00000000c4b00000, 0x00000000c4b9b820, 0x00000000c4c00000| 60%| S|CS|TAMS 0x00000000c4b00000, 0x00000000c4b00000| Complete 
|  38|0x00000000c4c00000, 0x00000000c4d00000, 0x00000000c4d00000|100%| S|CS|TAMS 0x00000000c4c00000, 0x00000000c4c00000| Complete 
|  39|0x00000000c4d00000, 0x00000000c4d00000, 0x00000000c4e00000|  0%| F|  |TAMS 0x00000000c4d00000, 0x00000000c4d00000| Untracked 
|  40|0x00000000c4e00000, 0x00000000c4e00000, 0x00000000c4f00000|  0%| F|  |TAMS 0x00000000c4e00000, 0x00000000c4e00000| Untracked 
|  41|0x00000000c4f00000, 0x00000000c4f00000, 0x00000000c5000000|  0%| F|  |TAMS 0x00000000c4f00000, 0x00000000c4f00000| Untracked 
|  42|0x00000000c5000000, 0x00000000c5000000, 0x00000000c5100000|  0%| F|  |TAMS 0x00000000c5000000, 0x00000000c5000000| Untracked 
|  43|0x00000000c5100000, 0x00000000c5100000, 0x00000000c5200000|  0%| F|  |TAMS 0x00000000c5100000, 0x00000000c5100000| Untracked 
|  44|0x00000000c5200000, 0x00000000c5200000, 0x00000000c5300000|  0%| F|  |TAMS 0x00000000c5200000, 0x00000000c5200000| Untracked 
|  45|0x00000000c5300000, 0x00000000c530b6c8, 0x00000000c5400000|  4%| E|  |TAMS 0x00000000c5300000, 0x00000000c5300000| Complete 
|  46|0x00000000c5400000, 0x00000000c5500000, 0x00000000c5500000|100%| E|CS|TAMS 0x00000000c5400000, 0x00000000c5400000| Complete 
|  47|0x00000000c5500000, 0x00000000c5600000, 0x00000000c5600000|100%| E|CS|TAMS 0x00000000c5500000, 0x00000000c5500000| Complete 
|  48|0x00000000c5600000, 0x00000000c5700000, 0x00000000c5700000|100%| E|CS|TAMS 0x00000000c5600000, 0x00000000c5600000| Complete 
|  49|0x00000000c5700000, 0x00000000c5800000, 0x00000000c5800000|100%| E|CS|TAMS 0x00000000c5700000, 0x00000000c5700000| Complete 
|  50|0x00000000c5800000, 0x00000000c5900000, 0x00000000c5900000|100%| E|CS|TAMS 0x00000000c5800000, 0x00000000c5800000| Complete 
|  51|0x00000000c5900000, 0x00000000c5a00000, 0x00000000c5a00000|100%| E|CS|TAMS 0x00000000c5900000, 0x00000000c5900000| Complete 
|  52|0x00000000c5a00000, 0x00000000c5b00000, 0x00000000c5b00000|100%| E|CS|TAMS 0x00000000c5a00000, 0x00000000c5a00000| Complete 
|  53|0x00000000c5b00000, 0x00000000c5c00000, 0x00000000c5c00000|100%| E|CS|TAMS 0x00000000c5b00000, 0x00000000c5b00000| Complete 
|  54|0x00000000c5c00000, 0x00000000c5d00000, 0x00000000c5d00000|100%| E|CS|TAMS 0x00000000c5c00000, 0x00000000c5c00000| Complete 
|  55|0x00000000c5d00000, 0x00000000c5e00000, 0x00000000c5e00000|100%| E|CS|TAMS 0x00000000c5d00000, 0x00000000c5d00000| Complete 
|  56|0x00000000c5e00000, 0x00000000c5f00000, 0x00000000c5f00000|100%| E|CS|TAMS 0x00000000c5e00000, 0x00000000c5e00000| Complete 
|  57|0x00000000c5f00000, 0x00000000c6000000, 0x00000000c6000000|100%| E|CS|TAMS 0x00000000c5f00000, 0x00000000c5f00000| Complete 
|  58|0x00000000c6000000, 0x00000000c6100000, 0x00000000c6100000|100%| E|CS|TAMS 0x00000000c6000000, 0x00000000c6000000| Complete 
|  59|0x00000000c6100000, 0x00000000c6200000, 0x00000000c6200000|100%| E|CS|TAMS 0x00000000c6100000, 0x00000000c6100000| Complete 
|  60|0x00000000c6200000, 0x00000000c6300000, 0x00000000c6300000|100%| E|CS|TAMS 0x00000000c6200000, 0x00000000c6200000| Complete 
|  61|0x00000000c6300000, 0x00000000c6400000, 0x00000000c6400000|100%| E|CS|TAMS 0x00000000c6300000, 0x00000000c6300000| Complete 
|  62|0x00000000c6400000, 0x00000000c6500000, 0x00000000c6500000|100%| E|CS|TAMS 0x00000000c6400000, 0x00000000c6400000| Complete 
|  63|0x00000000c6500000, 0x00000000c6600000, 0x00000000c6600000|100%| E|CS|TAMS 0x00000000c6500000, 0x00000000c6500000| Complete 
|  64|0x00000000c6600000, 0x00000000c6700000, 0x00000000c6700000|100%| E|CS|TAMS 0x00000000c6600000, 0x00000000c6600000| Complete 
|  65|0x00000000c6700000, 0x00000000c6800000, 0x00000000c6800000|100%| E|CS|TAMS 0x00000000c6700000, 0x00000000c6700000| Complete 
|  66|0x00000000c6800000, 0x00000000c6900000, 0x00000000c6900000|100%| E|CS|TAMS 0x00000000c6800000, 0x00000000c6800000| Complete 
|  67|0x00000000c6900000, 0x00000000c6a00000, 0x00000000c6a00000|100%| E|CS|TAMS 0x00000000c6900000, 0x00000000c6900000| Complete 
|  68|0x00000000c6a00000, 0x00000000c6b00000, 0x00000000c6b00000|100%| E|CS|TAMS 0x00000000c6a00000, 0x00000000c6a00000| Complete 
|  69|0x00000000c6b00000, 0x00000000c6c00000, 0x00000000c6c00000|100%| E|CS|TAMS 0x00000000c6b00000, 0x00000000c6b00000| Complete 
|  70|0x00000000c6c00000, 0x00000000c6d00000, 0x00000000c6d00000|100%| E|CS|TAMS 0x00000000c6c00000, 0x00000000c6c00000| Complete 
|  71|0x00000000c6d00000, 0x00000000c6e00000, 0x00000000c6e00000|100%| E|CS|TAMS 0x00000000c6d00000, 0x00000000c6d00000| Complete 
|  72|0x00000000c6e00000, 0x00000000c6f00000, 0x00000000c6f00000|100%| E|CS|TAMS 0x00000000c6e00000, 0x00000000c6e00000| Complete 
|  73|0x00000000c6f00000, 0x00000000c7000000, 0x00000000c7000000|100%| E|CS|TAMS 0x00000000c6f00000, 0x00000000c6f00000| Complete 
|  74|0x00000000c7000000, 0x00000000c7100000, 0x00000000c7100000|100%| E|CS|TAMS 0x00000000c7000000, 0x00000000c7000000| Complete 
|  75|0x00000000c7100000, 0x00000000c7200000, 0x00000000c7200000|100%| E|CS|TAMS 0x00000000c7100000, 0x00000000c7100000| Complete 
|  76|0x00000000c7200000, 0x00000000c7300000, 0x00000000c7300000|100%| E|CS|TAMS 0x00000000c7200000, 0x00000000c7200000| Complete 

Card table byte_map: [0x000002a808900000,0x000002a808af0000] _byte_map_base: 0x000002a8082ed000

Marking Bits (Prev, Next): (CMBitMap*) 0x000002a802285080, (CMBitMap*) 0x000002a8022850c0
 Prev Bits: [0x000002a808ce0000, 0x000002a809c48000)
 Next Bits: [0x000002a809c50000, 0x000002a80abb8000)

Polling page: 0x000002a801a30000

Metaspace:

Usage:
  Non-class:     59.48 MB used.
      Class:      8.95 MB used.
       Both:     68.43 MB used.

Virtual space:
  Non-class space:       64.00 MB reserved,      59.88 MB ( 94%) committed,  8 nodes.
      Class space:        1.00 GB reserved,       9.25 MB ( <1%) committed,  1 nodes.
             Both:        1.06 GB reserved,      69.12 MB (  6%) committed. 

Chunk freelists:
   Non-Class:  3.80 MB
       Class:  2.75 MB
        Both:  6.55 MB

MaxMetaspaceSize: unlimited
CompressedClassSpaceSize: 1.00 GB
Initial GC threshold: 21.00 MB
Current GC threshold: 115.25 MB
CDS: off
MetaspaceReclaimPolicy: balanced
 - commit_granule_bytes: 65536.
 - commit_granule_words: 8192.
 - virtual_space_node_default_size: 1048576.
 - enlarge_chunks_in_place: 1.
 - new_chunks_are_fully_committed: 0.
 - uncommit_free_chunks: 1.
 - use_allocation_guard: 0.
 - handle_deallocations: 1.


Internal statistics:

num_allocs_failed_limit: 9.
num_arena_births: 982.
num_arena_deaths: 264.
num_vsnodes_births: 9.
num_vsnodes_deaths: 0.
num_space_committed: 1108.
num_space_uncommitted: 2.
num_chunks_returned_to_freelist: 423.
num_chunks_taken_from_freelist: 3501.
num_chunk_merges: 101.
num_chunk_splits: 2231.
num_chunks_enlarged: 1566.
num_purges: 14.
num_inconsistent_stats: 0.

CodeCache: size=49152Kb used=16484Kb max_used=16975Kb free=32667Kb
 bounds [0x000002a805900000, 0x000002a8069f0000, 0x000002a808900000]
 total_blobs=9617 nmethods=8964 adapters=579
 compilation: enabled
              stopped_count=0, restarted_count=0
 full_count=0

Compilation events (20 events):
Event: 3185.966 Thread 0x000002a80d09ce40 nmethod 9121 0x000002a806828310 code [0x000002a8068284a0, 0x000002a806828588]
Event: 3185.967 Thread 0x000002a80e177840 nmethod 9120 0x000002a806827e90 code [0x000002a806828040, 0x000002a806828248]
Event: 3186.006 Thread 0x000002a80d09ce40 9122       1       org.springframework.core.metrics.DefaultApplicationStartup::start (6 bytes)
Event: 3186.006 Thread 0x000002a80d09ce40 nmethod 9122 0x000002a806827b90 code [0x000002a806827d20, 0x000002a806827df8]
Event: 3186.006 Thread 0x000002a80d09ce40 9123       1       org.springframework.core.metrics.DefaultApplicationStartup::start (4 bytes)
Event: 3186.007 Thread 0x000002a80d09ce40 nmethod 9123 0x000002a806827890 code [0x000002a806827a20, 0x000002a806827af8]
Event: 3186.130 Thread 0x000002a80e177840 9124       1       java.util.stream.ReferencePipeline::anyMatch (18 bytes)
Event: 3186.132 Thread 0x000002a80e177840 nmethod 9124 0x000002a806827010 code [0x000002a806827200, 0x000002a806827688]
Event: 3186.418 Thread 0x000002a80e177840 9125       1       org.springframework.aop.support.AopUtils::isEqualsMethod (5 bytes)
Event: 3186.418 Thread 0x000002a80d09ce40 9126       1       org.springframework.aop.support.AopUtils::isHashCodeMethod (5 bytes)
Event: 3186.418 Thread 0x000002a80e177840 nmethod 9125 0x000002a806826d10 code [0x000002a806826ea0, 0x000002a806826f68]
Event: 3186.418 Thread 0x000002a80e177840 9127       1       org.springframework.cglib.core.MethodInfo::hashCode (8 bytes)
Event: 3186.419 Thread 0x000002a80d09ce40 nmethod 9126 0x000002a806826910 code [0x000002a806826aa0, 0x000002a806826bc8]
Event: 3186.419 Thread 0x000002a80e177840 nmethod 9127 0x000002a806826510 code [0x000002a8068266c0, 0x000002a806826808]
Event: 3186.419 Thread 0x000002a80d09ce40 9128       1       org.springframework.cglib.core.Signature::hashCode (16 bytes)
Event: 3186.419 Thread 0x000002a80d09ce40 nmethod 9128 0x000002a806826110 code [0x000002a8068262c0, 0x000002a8068263f8]
Event: 3186.423 Thread 0x000002a80d09ce40 9129       1       org.springframework.cglib.core.ClassEmitter::declare_field (109 bytes)
Event: 3186.423 Thread 0x000002a80e177840 9130       1       org.springframework.cglib.core.ClassEmitter$FieldInfo::<init> (26 bytes)
Event: 3186.424 Thread 0x000002a80e177840 nmethod 9130 0x000002a806825d10 code [0x000002a806825ea0, 0x000002a806826078]
Event: 3186.429 Thread 0x000002a80d09ce40 nmethod 9129 0x000002a806825110 code [0x000002a806825360, 0x000002a806825a38]

GC Heap History (20 events):
Event: 2583.942 GC heap before
{Heap before GC invocations=51 (full 4):
 garbage-first heap   total 86016K, used 70868K [0x00000000c2600000, 0x0000000100000000)
  region size 1024K, 48 young (49152K), 1 survivors (1024K)
 Metaspace       used 69562K, committed 70144K, reserved 1114112K
  class space    used 9034K, committed 9280K, reserved 1048576K
}
Event: 2583.965 GC heap after
{Heap after GC invocations=52 (full 4):
 garbage-first heap   total 86016K, used 22399K [0x00000000c2600000, 0x0000000100000000)
  region size 1024K, 1 young (1024K), 1 survivors (1024K)
 Metaspace       used 69562K, committed 70144K, reserved 1114112K
  class space    used 9034K, committed 9280K, reserved 1048576K
}
Event: 2721.164 GC heap before
{Heap before GC invocations=52 (full 4):
 garbage-first heap   total 86016K, used 70527K [0x00000000c2600000, 0x0000000100000000)
  region size 1024K, 49 young (50176K), 1 survivors (1024K)
 Metaspace       used 69584K, committed 70144K, reserved 1114112K
  class space    used 9038K, committed 9280K, reserved 1048576K
}
Event: 2721.190 GC heap after
{Heap after GC invocations=53 (full 4):
 garbage-first heap   total 86016K, used 24123K [0x00000000c2600000, 0x0000000100000000)
  region size 1024K, 3 young (3072K), 3 survivors (3072K)
 Metaspace       used 69584K, committed 70144K, reserved 1114112K
  class space    used 9038K, committed 9280K, reserved 1048576K
}
Event: 2722.214 GC heap before
{Heap before GC invocations=53 (full 4):
 garbage-first heap   total 86016K, used 69179K [0x00000000c2600000, 0x0000000100000000)
  region size 1024K, 48 young (49152K), 3 survivors (3072K)
 Metaspace       used 69584K, committed 70144K, reserved 1114112K
  class space    used 9038K, committed 9280K, reserved 1048576K
}
Event: 2722.233 GC heap after
{Heap after GC invocations=54 (full 4):
 garbage-first heap   total 86016K, used 23699K [0x00000000c2600000, 0x0000000100000000)
  region size 1024K, 2 young (2048K), 2 survivors (2048K)
 Metaspace       used 69584K, committed 70144K, reserved 1114112K
  class space    used 9038K, committed 9280K, reserved 1048576K
}
Event: 2726.257 GC heap before
{Heap before GC invocations=54 (full 4):
 garbage-first heap   total 86016K, used 70803K [0x00000000c2600000, 0x0000000100000000)
  region size 1024K, 48 young (49152K), 2 survivors (2048K)
 Metaspace       used 70287K, committed 70912K, reserved 1114112K
  class space    used 9168K, committed 9472K, reserved 1048576K
}
Event: 2726.283 GC heap after
{Heap after GC invocations=55 (full 4):
 garbage-first heap   total 86016K, used 26729K [0x00000000c2600000, 0x0000000100000000)
  region size 1024K, 5 young (5120K), 5 survivors (5120K)
 Metaspace       used 70287K, committed 70912K, reserved 1114112K
  class space    used 9168K, committed 9472K, reserved 1048576K
}
Event: 2875.078 GC heap before
{Heap before GC invocations=55 (full 4):
 garbage-first heap   total 86016K, used 42089K [0x00000000c2600000, 0x0000000100000000)
  region size 1024K, 21 young (21504K), 5 survivors (5120K)
 Metaspace       used 70300K, committed 70912K, reserved 1114112K
  class space    used 9170K, committed 9472K, reserved 1048576K
}
Event: 2875.878 GC heap after
{Heap after GC invocations=56 (full 5):
 garbage-first heap   total 78848K, used 21610K [0x00000000c2600000, 0x0000000100000000)
  region size 1024K, 0 young (0K), 0 survivors (0K)
 Metaspace       used 69686K, committed 70784K, reserved 1114112K
  class space    used 9112K, committed 9472K, reserved 1048576K
}
Event: 2879.193 GC heap before
{Heap before GC invocations=56 (full 5):
 garbage-first heap   total 78848K, used 62570K [0x00000000c2600000, 0x0000000100000000)
  region size 1024K, 41 young (41984K), 0 survivors (0K)
 Metaspace       used 69754K, committed 70784K, reserved 1114112K
  class space    used 9126K, committed 9472K, reserved 1048576K
}
Event: 2879.205 GC heap after
{Heap after GC invocations=57 (full 5):
 garbage-first heap   total 78848K, used 24242K [0x00000000c2600000, 0x0000000100000000)
  region size 1024K, 3 young (3072K), 3 survivors (3072K)
 Metaspace       used 69754K, committed 70784K, reserved 1114112K
  class space    used 9126K, committed 9472K, reserved 1048576K
}
Event: 2879.440 GC heap before
{Heap before GC invocations=57 (full 5):
 garbage-first heap   total 78848K, used 62130K [0x00000000c2600000, 0x0000000100000000)
  region size 1024K, 41 young (41984K), 3 survivors (3072K)
 Metaspace       used 69754K, committed 70784K, reserved 1114112K
  class space    used 9126K, committed 9472K, reserved 1048576K
}
Event: 2879.450 GC heap after
{Heap after GC invocations=58 (full 5):
 garbage-first heap   total 78848K, used 24458K [0x00000000c2600000, 0x0000000100000000)
  region size 1024K, 3 young (3072K), 3 survivors (3072K)
 Metaspace       used 69754K, committed 70784K, reserved 1114112K
  class space    used 9126K, committed 9472K, reserved 1048576K
}
Event: 3119.606 GC heap before
{Heap before GC invocations=58 (full 5):
 garbage-first heap   total 78848K, used 63370K [0x00000000c2600000, 0x0000000100000000)
  region size 1024K, 41 young (41984K), 3 survivors (3072K)
 Metaspace       used 69811K, committed 70784K, reserved 1114112K
  class space    used 9132K, committed 9472K, reserved 1048576K
}
Event: 3119.610 GC heap after
{Heap after GC invocations=59 (full 5):
 garbage-first heap   total 78848K, used 22765K [0x00000000c2600000, 0x0000000100000000)
  region size 1024K, 2 young (2048K), 2 survivors (2048K)
 Metaspace       used 69811K, committed 70784K, reserved 1114112K
  class space    used 9132K, committed 9472K, reserved 1048576K
}
Event: 3183.801 GC heap before
{Heap before GC invocations=59 (full 5):
 garbage-first heap   total 78848K, used 62701K [0x00000000c2600000, 0x0000000100000000)
  region size 1024K, 42 young (43008K), 2 survivors (2048K)
 Metaspace       used 69835K, committed 70784K, reserved 1114112K
  class space    used 9136K, committed 9472K, reserved 1048576K
}
Event: 3183.810 GC heap after
{Heap after GC invocations=60 (full 5):
 garbage-first heap   total 78848K, used 24102K [0x00000000c2600000, 0x0000000100000000)
  region size 1024K, 3 young (3072K), 3 survivors (3072K)
 Metaspace       used 69835K, committed 70784K, reserved 1114112K
  class space    used 9136K, committed 9472K, reserved 1048576K
}
Event: 3183.858 GC heap before
{Heap before GC invocations=60 (full 5):
 garbage-first heap   total 78848K, used 61990K [0x00000000c2600000, 0x0000000100000000)
  region size 1024K, 41 young (41984K), 3 survivors (3072K)
 Metaspace       used 69835K, committed 70784K, reserved 1114112K
  class space    used 9136K, committed 9472K, reserved 1048576K
}
Event: 3183.864 GC heap after
{Heap after GC invocations=61 (full 5):
 garbage-first heap   total 78848K, used 23256K [0x00000000c2600000, 0x0000000100000000)
  region size 1024K, 2 young (2048K), 2 survivors (2048K)
 Metaspace       used 69835K, committed 70784K, reserved 1114112K
  class space    used 9136K, committed 9472K, reserved 1048576K
}

Deoptimization events (20 events):
Event: 38.395 Thread 0x000002a80e6fa9c0 DEOPT PACKING pc=0x000002a805d94f19 sp=0x000000c530efc590
Event: 38.395 Thread 0x000002a80e6fa9c0 DEOPT UNPACKING pc=0x000002a805952b24 sp=0x000000c530efba70 mode 3
Event: 68.981 Thread 0x000002a80e6fa9c0 DEOPT PACKING pc=0x000002a805e2487d sp=0x000000c530efb730
Event: 68.982 Thread 0x000002a80e6fa9c0 DEOPT UNPACKING pc=0x000002a805952b24 sp=0x000000c530efac98 mode 3
Event: 70.563 Thread 0x000002a80e6fa9c0 DEOPT PACKING pc=0x000002a80616b805 sp=0x000000c530ef8240
Event: 70.563 Thread 0x000002a80e6fa9c0 DEOPT UNPACKING pc=0x000002a805952b24 sp=0x000000c530ef77a0 mode 3
Event: 121.763 Thread 0x000002a80e6fa9c0 DEOPT PACKING pc=0x000002a805d79442 sp=0x000000c530efd070
Event: 121.763 Thread 0x000002a80e6fa9c0 DEOPT UNPACKING pc=0x000002a805952b24 sp=0x000000c530efc578 mode 3
Event: 121.774 Thread 0x000002a80e6fa9c0 DEOPT PACKING pc=0x000002a805d887c5 sp=0x000000c530efd030
Event: 121.775 Thread 0x000002a80e6fa9c0 DEOPT UNPACKING pc=0x000002a805952b24 sp=0x000000c530efc578 mode 3
Event: 265.324 Thread 0x000002a80e6fcb70 DEOPT PACKING pc=0x000002a80624d0d3 sp=0x000000c5317fbab0
Event: 265.324 Thread 0x000002a80e6fcb70 DEOPT UNPACKING pc=0x000002a805952b24 sp=0x000000c5317fb190 mode 3
Event: 265.458 Thread 0x000002a80e6fcb70 DEOPT PACKING pc=0x000002a8062fb0db sp=0x000000c5317fc6b0
Event: 265.458 Thread 0x000002a80e6fcb70 DEOPT UNPACKING pc=0x000002a805952b24 sp=0x000000c5317fbb48 mode 3
Event: 298.285 Thread 0x000002a81298fef0 DEOPT PACKING pc=0x000002a80629e270 sp=0x000000c531cfb620
Event: 298.285 Thread 0x000002a81298fef0 DEOPT UNPACKING pc=0x000002a805952b24 sp=0x000000c531cfab18 mode 3
Event: 1192.581 Thread 0x000002a812991230 DEOPT PACKING pc=0x000002a80644b4f5 sp=0x000000c5302fd400
Event: 1192.583 Thread 0x000002a812991230 DEOPT UNPACKING pc=0x000002a805952b24 sp=0x000000c5302fc858 mode 3
Event: 1276.427 Thread 0x000002a81298ca00 DEOPT PACKING pc=0x000002a805d74294 sp=0x000000c530efd120
Event: 1276.428 Thread 0x000002a81298ca00 DEOPT UNPACKING pc=0x000002a805952b24 sp=0x000000c530efc678 mode 0

Classes unloaded (20 events):
Event: 2875.312 Thread 0x000002a80230d150 Unloading class 0x00000001008c04e0 'com/wipro/velocity/ims/model/Address$HibernateProxy$6m5kTjAV'
Event: 2875.312 Thread 0x000002a80230d150 Unloading class 0x00000001008c0258 'com/wipro/velocity/ims/model/Dealer'
Event: 2875.312 Thread 0x000002a80230d150 Unloading class 0x00000001008c0000 'com/wipro/velocity/ims/model/Address'
Event: 2875.314 Thread 0x000002a80230d150 Unloading class 0x00000001008cf410 'com/wipro/velocity/ims/InventoryManagementSystemApplication$$EnhancerBySpringCGLIB$$1f5f0a8a'
Event: 2875.314 Thread 0x000002a80230d150 Unloading class 0x00000001008cf200 'com/wipro/velocity/ims/controller/LoginController'
Event: 2875.314 Thread 0x000002a80230d150 Unloading class 0x00000001008cf000 'com/wipro/velocity/ims/InventoryManagementSystemApplication'
Event: 2875.315 Thread 0x000002a80230d150 Unloading class 0x00000001008d0400 'jdk/internal/reflect/GeneratedMethodAccessor120'
Event: 2875.316 Thread 0x000002a80230d150 Unloading class 0x00000001008d3808 'jdk/proxy6/$Proxy99'
Event: 2875.316 Thread 0x000002a80230d150 Unloading class 0x00000001008d3530 'com/wipro/velocity/ims/model/Dealer$HibernateProxy$xOiSzJ0Z'
Event: 2875.316 Thread 0x000002a80230d150 Unloading class 0x00000001008d3288 'com/wipro/velocity/ims/model/Address$HibernateProxy$1cNMWAyF'
Event: 2875.316 Thread 0x000002a80230d150 Unloading class 0x00000001008d3000 'com/wipro/velocity/ims/model/Dealer'
Event: 2875.317 Thread 0x000002a80230d150 Unloading class 0x00000001008d2c00 'com/wipro/velocity/ims/model/Address'
Event: 2875.317 Thread 0x000002a80230d150 Unloading class 0x00000001008c1c10 'com/wipro/velocity/ims/InventoryManagementSystemApplication$$EnhancerBySpringCGLIB$$1f5f0a8a'
Event: 2875.317 Thread 0x000002a80230d150 Unloading class 0x00000001008c1a00 'com/wipro/velocity/ims/controller/LoginController'
Event: 2875.317 Thread 0x000002a80230d150 Unloading class 0x00000001008c1800 'com/wipro/velocity/ims/InventoryManagementSystemApplication'
Event: 2875.317 Thread 0x000002a80230d150 Unloading class 0x0000000100898000 'jdk/internal/reflect/GeneratedConstructorAccessor39'
Event: 2875.317 Thread 0x000002a80230d150 Unloading class 0x0000000100141400 'jdk/internal/reflect/GeneratedConstructorAccessor38'
Event: 2875.317 Thread 0x000002a80230d150 Unloading class 0x0000000100140c00 'jdk/internal/reflect/GeneratedConstructorAccessor37'
Event: 2875.317 Thread 0x000002a80230d150 Unloading class 0x0000000100140400 'jdk/internal/reflect/GeneratedConstructorAccessor36'
Event: 2875.317 Thread 0x000002a80230d150 Unloading class 0x0000000100730000 'jdk/internal/reflect/GeneratedConstructorAccessor35'

Classes redefined (0 events):
No events

Internal exceptions (20 events):
Event: 2880.843 Thread 0x000002a812991230 Exception <a 'java/lang/InterruptedException'{0x00000000c6020f28}: sleep interrupted> (0x00000000c6020f28) 
thrown [e:\jenkins\tmp\workspace\build\src\src\hotspot\share\prims\jvm.cpp, line 3067]
Event: 2880.892 Thread 0x000002a81298ebb0 Exception <a 'java/lang/NoClassDefFoundError'{0x00000000c61d1730}: javax/validation/ValidationException> (0x00000000c61d1730) 
thrown [e:\jenkins\tmp\workspace\build\src\src\hotspot\share\classfile\systemDictionary.cpp, line 245]
Event: 2880.901 Thread 0x000002a81298ebb0 Exception <a 'java/lang/NoClassDefFoundError'{0x00000000c61d6ed0}: liquibase/exception/ChangeLogParseException> (0x00000000c61d6ed0) 
thrown [e:\jenkins\tmp\workspace\build\src\src\hotspot\share\classfile\systemDictionary.cpp, line 245]
Event: 2880.937 Thread 0x000002a81298ebb0 Exception <a 'java/lang/reflect/InvocationTargetException'{0x00000000c6058fa8}> (0x00000000c6058fa8) 
thrown [e:\jenkins\tmp\workspace\build\src\src\hotspot\share\runtime\reflection.cpp, line 1121]
Event: 3180.098 Thread 0x000002a812992a40 Exception <a 'sun/nio/fs/WindowsException'{0x00000000c6d95cc0}> (0x00000000c6d95cc0) 
thrown [e:\jenkins\tmp\workspace\build\src\src\hotspot\share\prims\jni.cpp, line 516]
Event: 3183.580 Thread 0x000002a812992a40 Exception <a 'java/lang/NoClassDefFoundError'{0x00000000c543d588}: org/flywaydb/core/Flyway> (0x00000000c543d588) 
thrown [e:\jenkins\tmp\workspace\build\src\src\hotspot\share\oops\constantPool.cpp, line 835]
Event: 3183.580 Thread 0x000002a812992a40 Exception <a 'java/lang/NoClassDefFoundError'{0x00000000c543dbd8}: liquibase/integration/spring/SpringLiquibase> (0x00000000c543dbd8) 
thrown [e:\jenkins\tmp\workspace\build\src\src\hotspot\share\oops\constantPool.cpp, line 835]
Event: 3183.620 Thread 0x000002a812992a40 Exception <a 'java/lang/NoClassDefFoundError'{0x00000000c53f9830}: org/jooq/DSLContext> (0x00000000c53f9830) 
thrown [e:\jenkins\tmp\workspace\build\src\src\hotspot\share\oops\constantPool.cpp, line 835]
Event: 3183.624 Thread 0x000002a812992a40 Exception <a 'java/lang/NoClassDefFoundError'{0x00000000c52032f8}: org/springframework/batch/core/repository/JobRepository> (0x00000000c52032f8) 
thrown [e:\jenkins\tmp\workspace\build\src\src\hotspot\share\oops\constantPool.cpp, line 835]
Event: 3183.624 Thread 0x000002a812992a40 Exception <a 'java/lang/NoClassDefFoundError'{0x00000000c5203940}: org/quartz/Scheduler> (0x00000000c5203940) 
thrown [e:\jenkins\tmp\workspace\build\src\src\hotspot\share\oops\constantPool.cpp, line 835]
Event: 3183.624 Thread 0x000002a812992a40 Exception <a 'java/lang/NoClassDefFoundError'{0x00000000c5203fb0}: org/springframework/session/jdbc/JdbcIndexedSessionRepository> (0x00000000c5203fb0) 
thrown [e:\jenkins\tmp\workspace\build\src\src\hotspot\share\oops\constantPool.cpp, line 835]
Event: 3183.866 Thread 0x000002a812992a40 Exception <a 'sun/nio/fs/WindowsException'{0x00000000c7207a48}> (0x00000000c7207a48) 
thrown [e:\jenkins\tmp\workspace\build\src\src\hotspot\share\prims\jni.cpp, line 516]
Event: 3183.867 Thread 0x000002a812992a40 Exception <a 'sun/nio/fs/WindowsException'{0x00000000c7208028}> (0x00000000c7208028) 
thrown [e:\jenkins\tmp\workspace\build\src\src\hotspot\share\prims\jni.cpp, line 516]
Event: 3183.868 Thread 0x000002a812992a40 Exception <a 'sun/nio/fs/WindowsException'{0x00000000c72086d0}> (0x00000000c72086d0) 
thrown [e:\jenkins\tmp\workspace\build\src\src\hotspot\share\prims\jni.cpp, line 516]
Event: 3183.913 Thread 0x000002a812992a40 Exception <a 'java/io/FileNotFoundException'{0x00000000c723a230}> (0x00000000c723a230) 
thrown [e:\jenkins\tmp\workspace\build\src\src\hotspot\share\prims\jni.cpp, line 516]
Event: 3184.559 Thread 0x000002a812992a40 Exception <a 'java/io/FileNotFoundException'{0x00000000c665e530}> (0x00000000c665e530) 
thrown [e:\jenkins\tmp\workspace\build\src\src\hotspot\share\prims\jni.cpp, line 516]
Event: 3185.819 Thread 0x000002a812992a40 Exception <a 'java/lang/ClassNotFoundException'{0x00000000c5a7bde0}: java/lang/ObjectCustomizer> (0x00000000c5a7bde0) 
thrown [e:\jenkins\tmp\workspace\build\src\src\hotspot\share\classfile\systemDictionary.cpp, line 256]
Event: 3185.834 Thread 0x000002a812992a40 Exception <a 'java/lang/ClassNotFoundException'{0x00000000c5a86130}: com/wipro/velocity/ims/model/DealerCustomizer> (0x00000000c5a86130) 
thrown [e:\jenkins\tmp\workspace\build\src\src\hotspot\share\classfile\systemDictionary.cpp, line 256]
Event: 3185.914 Thread 0x000002a812992a40 Exception <a 'java/lang/ClassNotFoundException'{0x00000000c5954b60}: java/lang/ObjectCustomizer> (0x00000000c5954b60) 
thrown [e:\jenkins\tmp\workspace\build\src\src\hotspot\share\classfile\systemDictionary.cpp, line 256]
Event: 3185.920 Thread 0x000002a812992a40 Exception <a 'java/lang/ClassNotFoundException'{0x00000000c595ea18}: com/wipro/velocity/ims/model/AddressCustomizer> (0x00000000c595ea18) 
thrown [e:\jenkins\tmp\workspace\build\src\src\hotspot\share\classfile\systemDictionary.cpp, line 256]

VM Operations (20 events):
Event: 2918.550 Executing VM operation: Cleanup
Event: 2918.551 Executing VM operation: Cleanup done
Event: 3119.605 Executing VM operation: G1CollectForAllocation
Event: 3119.610 Executing VM operation: G1CollectForAllocation done
Event: 3179.651 Executing VM operation: Cleanup
Event: 3179.651 Executing VM operation: Cleanup done
Event: 3180.564 Executing VM operation: ICBufferFull
Event: 3180.564 Executing VM operation: ICBufferFull done
Event: 3181.565 Executing VM operation: Cleanup
Event: 3181.565 Executing VM operation: Cleanup done
Event: 3183.566 Executing VM operation: Cleanup
Event: 3183.567 Executing VM operation: Cleanup done
Event: 3183.801 Executing VM operation: G1CollectForAllocation
Event: 3183.810 Executing VM operation: G1CollectForAllocation done
Event: 3183.857 Executing VM operation: G1CollectForAllocation
Event: 3183.864 Executing VM operation: G1CollectForAllocation done
Event: 3185.864 Executing VM operation: Cleanup
Event: 3185.915 Executing VM operation: Cleanup done
Event: 3186.327 Executing VM operation: HandshakeAllThreads
Event: 3186.327 Executing VM operation: HandshakeAllThreads done

Events (20 events):
Event: 3180.596 Thread 0x000002a80e177840 Thread added: 0x000002a80e177840
Event: 3180.986 Thread 0x000002a81298e6e0 Thread added: 0x000002a81298e6e0
Event: 3181.231 Thread 0x000002a81298e6e0 Thread exited: 0x000002a81298e6e0
Event: 3181.565 Thread 0x000002a80e177840 Thread exited: 0x000002a80e177840
Event: 3184.561 Thread 0x000002a81298e6e0 Thread added: 0x000002a81298e6e0
Event: 3184.563 Thread 0x000002a812991700 Thread added: 0x000002a812991700
Event: 3184.564 Thread 0x000002a81298ebb0 Thread added: 0x000002a81298ebb0
Event: 3184.896 Thread 0x000002a81298f550 Thread added: 0x000002a81298f550
Event: 3184.924 Thread 0x000002a80e177840 Thread added: 0x000002a80e177840
Event: 3184.926 Thread 0x000002a812a4ca30 Thread added: 0x000002a812a4ca30
Event: 3185.026 Thread 0x000002a812991230 Thread added: 0x000002a812991230
Event: 3185.773 Thread 0x000002a812a4ca30 Thread exited: 0x000002a812a4ca30
Event: 3185.816 loading class java/lang/ObjectCustomizer
Event: 3185.816 loading class java/lang/ObjectCustomizer done
Event: 3185.819 loading class java/lang/ObjectCustomizer
Event: 3185.819 loading class java/lang/ObjectCustomizer done
Event: 3185.913 loading class java/lang/ObjectCustomizer
Event: 3185.913 loading class java/lang/ObjectCustomizer done
Event: 3185.914 loading class java/lang/ObjectCustomizer
Event: 3185.914 loading class java/lang/ObjectCustomizer done


Dynamic libraries:
0x00007ff6ae6a0000 - 0x00007ff6ae6ae000 	D:\eclipse\plugins\org.eclipse.justj.openjdk.hotspot.jre.full.win32.x86_64_17.0.1.v20211116-1657\jre\bin\javaw.exe
0x00007ffaf5350000 - 0x00007ffaf5545000 	C:\Windows\SYSTEM32\ntdll.dll
0x00007ffaf3d90000 - 0x00007ffaf3e4d000 	C:\Windows\System32\KERNEL32.DLL
0x00007ffaf2c00000 - 0x00007ffaf2ecd000 	C:\Windows\System32\KERNELBASE.dll
0x00007ffaf2ad0000 - 0x00007ffaf2bd0000 	C:\Windows\System32\ucrtbase.dll
0x00007ffad9330000 - 0x00007ffad9348000 	D:\eclipse\plugins\org.eclipse.justj.openjdk.hotspot.jre.full.win32.x86_64_17.0.1.v20211116-1657\jre\bin\jli.dll
0x00007ffaf3bd0000 - 0x00007ffaf3d70000 	C:\Windows\System32\USER32.dll
0x00007ffaf2bd0000 - 0x00007ffaf2bf2000 	C:\Windows\System32\win32u.dll
0x00007ffaf41c0000 - 0x00007ffaf41ea000 	C:\Windows\System32\GDI32.dll
0x00007ffaf3290000 - 0x00007ffaf339b000 	C:\Windows\System32\gdi32full.dll
0x00007ffaf2f90000 - 0x00007ffaf302d000 	C:\Windows\System32\msvcp_win.dll
0x00007ffad9310000 - 0x00007ffad9329000 	D:\eclipse\plugins\org.eclipse.justj.openjdk.hotspot.jre.full.win32.x86_64_17.0.1.v20211116-1657\jre\bin\VCRUNTIME140.dll
0x00007ffae2740000 - 0x00007ffae29da000 	C:\Windows\WinSxS\amd64_microsoft.windows.common-controls_6595b64144ccf1df_6.0.19041.1110_none_60b5254171f9507e\COMCTL32.dll
0x00007ffaf4e70000 - 0x00007ffaf4f0e000 	C:\Windows\System32\msvcrt.dll
0x00007ffaf4190000 - 0x00007ffaf41c0000 	C:\Windows\System32\IMM32.DLL
0x00007ffae65e0000 - 0x00007ffae65ec000 	D:\eclipse\plugins\org.eclipse.justj.openjdk.hotspot.jre.full.win32.x86_64_17.0.1.v20211116-1657\jre\bin\vcruntime140_1.dll
0x00007ffacd5b0000 - 0x00007ffacd641000 	D:\eclipse\plugins\org.eclipse.justj.openjdk.hotspot.jre.full.win32.x86_64_17.0.1.v20211116-1657\jre\bin\msvcp140.dll
0x00007ffa90a50000 - 0x00007ffa91696000 	D:\eclipse\plugins\org.eclipse.justj.openjdk.hotspot.jre.full.win32.x86_64_17.0.1.v20211116-1657\jre\bin\server\jvm.dll
0x00007ffaf3f80000 - 0x00007ffaf402e000 	C:\Windows\System32\ADVAPI32.dll
0x00007ffaf4040000 - 0x00007ffaf40dc000 	C:\Windows\System32\sechost.dll
0x00007ffaf3e50000 - 0x00007ffaf3f75000 	C:\Windows\System32\RPCRT4.dll
0x00007ffaf4f10000 - 0x00007ffaf4f18000 	C:\Windows\System32\PSAPI.DLL
0x00007ffac45f0000 - 0x00007ffac45f9000 	C:\Windows\SYSTEM32\WSOCK32.dll
0x00007ffaf44d0000 - 0x00007ffaf453b000 	C:\Windows\System32\WS2_32.dll
0x00007ffae13b0000 - 0x00007ffae13d7000 	C:\Windows\SYSTEM32\WINMM.dll
0x00007ffae2d80000 - 0x00007ffae2d8a000 	C:\Windows\SYSTEM32\VERSION.dll
0x00007ffaf12f0000 - 0x00007ffaf1302000 	C:\Windows\SYSTEM32\kernel.appcore.dll
0x00007ffaed3c0000 - 0x00007ffaed3ca000 	D:\eclipse\plugins\org.eclipse.justj.openjdk.hotspot.jre.full.win32.x86_64_17.0.1.v20211116-1657\jre\bin\jimage.dll
0x00007ffaf0870000 - 0x00007ffaf0a54000 	C:\Windows\SYSTEM32\DBGHELP.DLL
0x00007ffae0160000 - 0x00007ffae018c000 	C:\Windows\SYSTEM32\dbgcore.DLL
0x00007ffaf2ed0000 - 0x00007ffaf2f52000 	C:\Windows\System32\bcryptPrimitives.dll
0x00007ffae9e10000 - 0x00007ffae9e35000 	D:\eclipse\plugins\org.eclipse.justj.openjdk.hotspot.jre.full.win32.x86_64_17.0.1.v20211116-1657\jre\bin\java.dll
0x00007ffaed3a0000 - 0x00007ffaed3b8000 	D:\eclipse\plugins\org.eclipse.justj.openjdk.hotspot.jre.full.win32.x86_64_17.0.1.v20211116-1657\jre\bin\zip.dll
0x00007ffaf4650000 - 0x00007ffaf4d94000 	C:\Windows\System32\SHELL32.dll
0x00007ffaf0b40000 - 0x00007ffaf12d4000 	C:\Windows\SYSTEM32\windows.storage.dll
0x00007ffaf4f20000 - 0x00007ffaf5274000 	C:\Windows\System32\combase.dll
0x00007ffaf23f0000 - 0x00007ffaf241c000 	C:\Windows\SYSTEM32\Wldp.dll
0x00007ffaf40e0000 - 0x00007ffaf418d000 	C:\Windows\System32\SHCORE.dll
0x00007ffaf45f0000 - 0x00007ffaf4645000 	C:\Windows\System32\shlwapi.dll
0x00007ffaf29a0000 - 0x00007ffaf29bf000 	C:\Windows\SYSTEM32\profapi.dll
0x00007ffada720000 - 0x00007ffada739000 	D:\eclipse\plugins\org.eclipse.justj.openjdk.hotspot.jre.full.win32.x86_64_17.0.1.v20211116-1657\jre\bin\net.dll
0x00007ffae4720000 - 0x00007ffae482a000 	C:\Windows\SYSTEM32\WINHTTP.dll
0x00007ffaf2150000 - 0x00007ffaf21ba000 	C:\Windows\system32\mswsock.dll
0x00007ffad7250000 - 0x00007ffad7265000 	D:\eclipse\plugins\org.eclipse.justj.openjdk.hotspot.jre.full.win32.x86_64_17.0.1.v20211116-1657\jre\bin\nio.dll
0x00007ffaedaa0000 - 0x00007ffaedaa9000 	D:\eclipse\plugins\org.eclipse.justj.openjdk.hotspot.jre.full.win32.x86_64_17.0.1.v20211116-1657\jre\bin\management.dll
0x00007ffaeb820000 - 0x00007ffaeb82b000 	D:\eclipse\plugins\org.eclipse.justj.openjdk.hotspot.jre.full.win32.x86_64_17.0.1.v20211116-1657\jre\bin\management_ext.dll
0x00007ffad26d0000 - 0x00007ffad26e7000 	C:\Windows\system32\napinsp.dll
0x00007ffad26b0000 - 0x00007ffad26cb000 	C:\Windows\system32\pnrpnsp.dll
0x00007ffaecee0000 - 0x00007ffaecef5000 	C:\Windows\system32\wshbth.dll
0x00007ffaee9b0000 - 0x00007ffaee9cd000 	C:\Windows\system32\NLAapi.dll
0x00007ffaf1e40000 - 0x00007ffaf1e7b000 	C:\Windows\SYSTEM32\IPHLPAPI.DLL
0x00007ffaf1e80000 - 0x00007ffaf1f4b000 	C:\Windows\SYSTEM32\DNSAPI.dll
0x00007ffaf3880000 - 0x00007ffaf3888000 	C:\Windows\System32\NSI.dll
0x00007ffad2690000 - 0x00007ffad26a2000 	C:\Windows\System32\winrnr.dll
0x00007ffadb350000 - 0x00007ffadb35a000 	C:\Windows\System32\rasadhlp.dll
0x00007ffae06e0000 - 0x00007ffae0760000 	C:\Windows\System32\fwpuclnt.dll
0x00007ffaf2f60000 - 0x00007ffaf2f87000 	C:\Windows\System32\bcrypt.dll
0x00007ffaf2340000 - 0x00007ffaf2358000 	C:\Windows\SYSTEM32\CRYPTSP.dll
0x00007ffaf1ad0000 - 0x00007ffaf1b04000 	C:\Windows\system32\rsaenh.dll
0x00007ffaf2920000 - 0x00007ffaf294e000 	C:\Windows\SYSTEM32\USERENV.dll
0x00007ffaf2360000 - 0x00007ffaf236c000 	C:\Windows\SYSTEM32\CRYPTBASE.dll
0x00007ffae48e0000 - 0x00007ffae48f7000 	C:\Windows\SYSTEM32\dhcpcsvc6.DLL
0x00007ffae6a80000 - 0x00007ffae6a9d000 	C:\Windows\SYSTEM32\dhcpcsvc.DLL
0x00007ffaeb7a0000 - 0x00007ffaeb7b0000 	D:\eclipse\plugins\org.eclipse.justj.openjdk.hotspot.jre.full.win32.x86_64_17.0.1.v20211116-1657\jre\bin\verify.dll
0x00007ffaea4e0000 - 0x00007ffaea4ee000 	D:\eclipse\plugins\org.eclipse.justj.openjdk.hotspot.jre.full.win32.x86_64_17.0.1.v20211116-1657\jre\bin\sunmscapi.dll
0x00007ffaf30e0000 - 0x00007ffaf3236000 	C:\Windows\System32\CRYPT32.dll
0x00007ffaf2460000 - 0x00007ffaf2487000 	C:\Windows\SYSTEM32\ncrypt.dll
0x00007ffaf2420000 - 0x00007ffaf245b000 	C:\Windows\SYSTEM32\NTASN1.dll
0x00007ffad8dc0000 - 0x00007ffad8dc7000 	C:\Windows\system32\wshunix.dll

dbghelp: loaded successfully - version: 4.0.5 - missing functions: none
symbol engine: initialized successfully - sym options: 0x614 - pdb path: .;D:\eclipse\plugins\org.eclipse.justj.openjdk.hotspot.jre.full.win32.x86_64_17.0.1.v20211116-1657\jre\bin;C:\Windows\SYSTEM32;C:\Windows\WinSxS\amd64_microsoft.windows.common-controls_6595b64144ccf1df_6.0.19041.1110_none_60b5254171f9507e;D:\eclipse\plugins\org.eclipse.justj.openjdk.hotspot.jre.full.win32.x86_64_17.0.1.v20211116-1657\jre\bin\server

VM Arguments:
jvm_args: -Dcom.sun.management.jmxremote -Dcom.sun.management.jmxremote.port=13910 -Dcom.sun.management.jmxremote.authenticate=false -Dcom.sun.management.jmxremote.ssl=false -Djava.rmi.server.hostname=localhost -Dspring.jmx.enabled=true -Dspring.liveBeansView.mbeanDomain -Dspring.application.admin.enabled=true -XX:TieredStopAtLevel=1 -Dspring.boot.project.name=inventory-management-system -Dfile.encoding=UTF-8 -XX:+ShowCodeDetailsInExceptionMessages 
java_command: com.wipro.velocity.ims.InventoryManagementSystemApplication
java_class_path (initial): D:\inventory-management-system\target\classes;C:\Users\hp\.m2\repository\org\springframework\boot\spring-boot-starter-data-jpa\2.6.7\spring-boot-starter-data-jpa-2.6.7.jar;C:\Users\hp\.m2\repository\org\springframework\boot\spring-boot-starter-aop\2.6.7\spring-boot-starter-aop-2.6.7.jar;C:\Users\hp\.m2\repository\org\springframework\spring-aop\5.3.19\spring-aop-5.3.19.jar;C:\Users\hp\.m2\repository\org\aspectj\aspectjweaver\1.9.7\aspectjweaver-1.9.7.jar;C:\Users\hp\.m2\repository\org\springframework\boot\spring-boot-starter-jdbc\2.6.7\spring-boot-starter-jdbc-2.6.7.jar;C:\Users\hp\.m2\repository\com\zaxxer\HikariCP\4.0.3\HikariCP-4.0.3.jar;C:\Users\hp\.m2\repository\org\springframework\spring-jdbc\5.3.19\spring-jdbc-5.3.19.jar;C:\Users\hp\.m2\repository\jakarta\transaction\jakarta.transaction-api\1.3.3\jakarta.transaction-api-1.3.3.jar;C:\Users\hp\.m2\repository\jakarta\persistence\jakarta.persistence-api\2.2.3\jakarta.persistence-api-2.2.3.jar;C:\Users\hp\.m2\repository\org\hibernate\hibernate-core\5.6.8.Final\hibernate-core-5.6.8.Final.jar;C:\Users\hp\.m2\repository\org\jboss\logging\jboss-logging\3.4.3.Final\jboss-logging-3.4.3.Final.jar;C:\Users\hp\.m2\repository\net\bytebuddy\byte-buddy\1.11.22\byte-buddy-1.11.22.jar;C:\Users\hp\.m2\repository\antlr\antlr\2.7.7\antlr-2.7.7.jar;C:\Users\hp\.m2\repository\org\jboss\jandex\2.4.2.Final\jandex-2.4.2.Final.jar;C:\Users\hp\.m2\repository\com\fasterxml\classmate\1.5.1\classmate-1.5.1.jar;C:\Users\hp\.m2\repository\org\hibernate\common\hibernate-commons-annotations\5.1.2.Final\hibernate-commons-annotations-5.1.2.Final.jar;C:\Users\hp\.m2\repository\org\glassfish\jaxb\jaxb-runtime\2.3.6\jaxb-runtime-2.3.6.jar;C:\Users\hp\.m2\repository\org\glassfish\jaxb\txw2\2.3.6\txw2-2.3.6.jar;C:\Users\hp\.m2\repository\com\sun\istack\istack-commons-runtime\3.0.12\istack-commons-runtime-3.0.12.jar;C:\Users\hp\.m2\repository\com\sun\activation\jakarta.activation\1.2.2\jakarta.activation-1.2.2.jar;C:\Users\h
Launcher Type: SUN_STANDARD

[Global flags]
     intx CICompilerCount                          = 3                                         {product} {ergonomic}
     uint ConcGCThreads                            = 1                                         {product} {ergonomic}
     uint G1ConcRefinementThreads                  = 4                                         {product} {ergonomic}
   size_t G1HeapRegionSize                         = 1048576                                   {product} {ergonomic}
    uintx GCDrainStackTargetSize                   = 64                                        {product} {ergonomic}
   size_t InitialHeapSize                          = 65011712                                  {product} {ergonomic}
     bool ManagementServer                         = true                                      {product} {command line}
   size_t MarkStackSize                            = 4194304                                   {product} {ergonomic}
   size_t MaxHeapSize                              = 1033895936                                {product} {ergonomic}
   size_t MaxNewSize                               = 619708416                                 {product} {ergonomic}
   size_t MinHeapDeltaBytes                        = 1048576                                   {product} {ergonomic}
   size_t MinHeapSize                              = 8388608                                   {product} {ergonomic}
    uintx NonProfiledCodeHeapSize                  = 0                                      {pd product} {ergonomic}
     bool ProfileInterpreter                       = false                                  {pd product} {command line}
    uintx ProfiledCodeHeapSize                     = 0                                      {pd product} {ergonomic}
     bool ShowCodeDetailsInExceptionMessages       = true                                   {manageable} {command line}
   size_t SoftMaxHeapSize                          = 1033895936                             {manageable} {ergonomic}
     intx TieredStopAtLevel                        = 1                                         {product} {command line}
     bool UseCompressedClassPointers               = true                           {product lp64_product} {ergonomic}
     bool UseCompressedOops                        = true                           {product lp64_product} {ergonomic}
     bool UseG1GC                                  = true                                      {product} {ergonomic}
     bool UseLargePagesIndividualAllocation        = false                                  {pd product} {ergonomic}

Logging:
Log output configuration:
 #0: stdout all=warning uptime,level,tags
 #1: stderr all=off uptime,level,tags

Environment Variables:
PATH=D:/eclipse//plugins/org.eclipse.justj.openjdk.hotspot.jre.full.win32.x86_64_17.0.1.v20211116-1657/jre/bin/server;D:/eclipse//plugins/org.eclipse.justj.openjdk.hotspot.jre.full.win32.x86_64_17.0.1.v20211116-1657/jre/bin;C:\Windows\system32;C:\Windows;C:\Windows\System32\Wbem;C:\Windows\System32\WindowsPowerShell\v1.0\;C:\Windows\System32\OpenSSH\;C:\Program Files\nodejs\;C:\Program Files\Git\cmd;C:\ProgramData\chocolatey\bin;C:\Users\hp\AppData\Local\Microsoft\WindowsApps;;F:\Microsoft VS Code\bin;C:\Users\hp\AppData\Roaming\npm;D:\eclipse;
USERNAME=hp
OS=Windows_NT
PROCESSOR_IDENTIFIER=Intel64 Family 6 Model 76 Stepping 4, GenuineIntel



---------------  S Y S T E M  ---------------

OS:
 Windows 10 , 64 bit Build 19041 (10.0.19041.1682)
OS uptime: 1 days 1:25 hours

CPU: total 4 (initial active 4) (4 cores per cpu, 1 threads per core) family 6 model 76 stepping 4 microcode 0x411, cx8, cmov, fxsr, mmx, 3dnowpref, sse, sse2, sse3, ssse3, sse4.1, sse4.2, popcnt, tsc, tscinvbit, aes, erms, clmul, clflush

Memory: 4k page, system-wide physical 3938M (343M free)
TotalPageFile size 8290M (AvailPageFile size 1417M)
current process WorkingSet (physical memory assigned to process): 189M, peak: 194M
current process commit charge ("private bytes"): 252M, peak: 359M

vm_info: OpenJDK 64-Bit Server VM (17.0.1+12) for windows-amd64 JRE (17.0.1+12), built on Oct 20 2021 07:42:55 by "" with MS VC++ 16.7 (VS2019)

END.
